<?xml version="1.0" encoding="utf-8"?><testsuites name="pytest tests"><testsuite name="pytest" errors="0" failures="0" skipped="0" tests="27" time="3.190" timestamp="2026-06-10T14:24:07.642136+00:00" hostname="agent-env-4c14ea71-e790-472a-bdc2-a3eef1e12add"><testcase classname="backend.tests.test_ferramenta_api" name="test_root" time="0.287" /><testcase classname="backend.tests.test_ferramenta_api" name="test_seed_idempotent" time="0.058" /><testcase classname="backend.tests.test_ferramenta_api" name="test_list_products" time="0.065" /><testcase classname="backend.tests.test_ferramenta_api" name="test_search_q" time="0.052" /><testcase classname="backend.tests.test_ferramenta_api" name="test_filter_categoria" time="0.056" /><testcase classname="backend.tests.test_ferramenta_api" name="test_filter_marca" time="0.085" /><testcase classname="backend.tests.test_ferramenta_api" name="test_filter_sotto_scorta" time="0.053" /><testcase classname="backend.tests.test_ferramenta_api" name="test_meta" time="0.055" /><testcase classname="backend.tests.test_ferramenta_api" name="test_stats" time="0.057" /><testcase classname="backend.tests.test_ferramenta_api.TestCRUD" name="test_create" time="0.050" /><testcase classname="backend.tests.test_ferramenta_api.TestCRUD" name="test_get_by_id" time="0.058" /><testcase classname="backend.tests.test_ferramenta_api.TestCRUD" name="test_get_by_barcode" time="0.052" /><testcase classname="backend.tests.test_ferramenta_api.TestCRUD" name="test_update" time="0.119" /><testcase classname="backend.tests.test_ferramenta_api.TestCRUD" name="test_adjust_stock_increase" time="0.060" /><testcase classname="backend.tests.test_ferramenta_api.TestCRUD" name="test_adjust_stock_never_negative" time="0.056" /><testcase classname="backend.tests.test_ferramenta_api.TestCRUD" name="test_delete" time="0.110" /><testcase classname="backend.tests.test_ferramenta_api" name="test_get_missing_404" time="0.057" /><testcase classname="backend.tests.test_ferramenta_api" name="test_barcode_missing_404" time="0.068" /><testcase classname="backend.tests.test_ferramenta_api" name="test_update_missing_404" time="0.065" /><testcase classname="backend.tests.test_ferramenta_api" name="test_delete_missing_404" time="0.060" /><testcase classname="backend.tests.test_ferramenta_api" name="test_adjust_stock_missing_404" time="0.061" /><testcase classname="backend.tests.test_ferramenta_api" name="test_bulk_upsert" time="0.446" /><testcase classname="backend.tests.test_ferramenta_api.TestSales" name="test_create_product_for_sale" time="0.059" /><testcase classname="backend.tests.test_ferramenta_api.TestSales" name="test_create_sale_decrements_stock" time="0.123" /><testcase classname="backend.tests.test_ferramenta_api.TestSales" name="test_empty_sale_400" time="0.671" /><testcase classname="backend.tests.test_ferramenta_api.TestSales" name="test_list_sales" time="0.069" /><testcase classname="backend.tests.test_ferramenta_api.TestSales" name="test_cleanup_sale_product" time="0.057" /></testsuite></testsuites>